
> web-app-project@0.0.0 dev
> vite --host 0.0.0.0


  [32m[1mVITE[22m v5.4.21[39m  [2mready in [0m[1m644[22m[2m[0m ms[22m

  [32m➜[39m  [1mLocal[22m:   [36mhttp://localhost:[1m5173[22m/[39m
  [32m➜[39m  [1mNetwork[22m: [36mhttp://172.20.0.1:[1m5173[22m/[39m
  [32m➜[39m  [1mNetwork[22m: [36mhttp://192.168.100.7:[1m5173[22m/[39m
  [32m➜[39m  [1mNetwork[22m: [36mhttp://192.168.56.1:[1m5173[22m/[39m
  [32m➜[39m  [1mNetwork[22m: [36mhttp://192.168.59.1:[1m5173[22m/[39m
  [32m➜[39m  [1mNetwork[22m: [36mhttp://192.168.153.1:[1m5173[22m/[39m
  [32m➜[39m  [1mNetwork[22m: [36mhttp://172.31.128.1:[1m5173[22m/[39m
[2m9:26:19 p. m.[22m [36m[1m[vite][22m[39m [32mpage reload [39m[2msrc/i18n.js[22m
[2m9:26:19 p. m.[22m [36m[1m[vite][22m[39m [32mhmr update [39m[2m/src/app.vue[22m
[2m9:26:19 p. m.[22m [36m[1m[vite][22m[39m [32mhmr update [39m[2m/src/components/dialogs/user-sign-up.component.vue[22m
[2m9:26:19 p. m.[22m [36m[1m[vite][22m[39m [32mhmr update [39m[2m/src/components/notifications/municipality-emergency-notifier.component.vue[22m
[2m9:26:19 p. m.[22m [36m[1m[vite][22m[39m [32mhmr update [39m[2m/src/components/toolbar/toolbar-citizen.component.vue[22m
[2m9:26:19 p. m.[22m [36m[1m[vite][22m[39m [32mhmr update [39m[2m/src/pages/auth/final-recover.page.vue[22m
[2m9:26:19 p. m.[22m [36m[1m[vite][22m[39m [32mhmr update [39m[2m/src/pages/auth/password-recover.page.vue[22m
[2m9:26:19 p. m.[22m [36m[1m[vite][22m[39m [32mpage reload [39m[2msrc/router/index.js[22m
[2m9:26:19 p. m.[22m [36m[1m[vite][22m[39m [32mhmr update [39m[2m/src/components/notifications/municipality-emergency-notifier.component.vue, /src/pages/reports/report-form.page.vue, /src/pages/map/map-citizen.page.vue, /src/pages/notifications/view-notifications.component.vue, /src/pages/municipality/municipality-dashboard.page.vue, /src/components/toolbar/toolbar-citizen.component.vue[22m
[2m9:26:19 p. m.[22m [36m[1m[vite][22m[39m [32mhmr update [39m[2m/src/pages/home/main.page.vue[22m
[2m9:26:19 p. m.[22m [36m[1m[vite][22m[39m [32mpage reload [39m[2msrc/i18n.js[22m
[2m9:26:19 p. m.[22m [36m[1m[vite][22m[39m [32mhmr update [39m[2m/src/app.vue, /src/pages/home/main.page.vue, /src/pages/auth/password-recover.page.vue, /src/pages/auth/final-recover.page.vue, /src/components/dialogs/user-sign-up.component.vue[22m
[2m9:26:19 p. m.[22m [36m[1m[vite][22m[39m [32mhmr update [39m[2m/src/pages/map/map-citizen.page.vue[22m
[2m9:26:19 p. m.[22m [36m[1m[vite][22m[39m [32mhmr update [39m[2m/src/pages/reports/report-form.page.vue, /src/pages/reports/user-report-list.component.vue, /src/pages/map/map-citizen.page.vue, /src/pages/reports/report-detail.component.vue, /src/pages/municipality/municipality-dashboard.page.vue[22m
[2m9:26:19 p. m.[22m [36m[1m[vite][22m[39m [32mhmr update [39m[2m/src/components/notifications/municipality-emergency-notifier.component.vue, /src/pages/profile/profile.page.vue, /src/pages/reports/report-form.page.vue, /src/pages/home/main.page.vue, /src/pages/auth/password-recover.page.vue, /src/pages/reports/user-report-list.component.vue, /src/pages/map/map-citizen.page.vue, /src/pages/auth/final-recover.page.vue, /src/pages/reports/report-detail.component.vue, /src/pages/municipality/municipality-dashboard.page.vue, /src/components/dialogs/user-sign-up.component.vue, /src/pages/profile/user-edit-profile.page.vue[22m
[2m9:26:19 p. m.[22m [36m[1m[vite][22m[39m [32mhmr update [39m[2m/src/pages/map/map-citizen.page.vue, /src/pages/map/map-citizen.page.vue?vue&type=style&index=0&scoped=3213e66f&lang.css[22m
[2m9:26:19 p. m.[22m [36m[1m[vite][22m[39m [32mhmr update [39m[2m/src/pages/municipality/municipality-dashboard.page.vue[22m
[2m9:26:19 p. m.[22m [36m[1m[vite][22m[39m [32mhmr update [39m[2m/src/pages/notifications/view-notifications.component.vue[22m
[2m9:26:19 p. m.[22m [36m[1m[vite][22m[39m [32mhmr update [39m[2m/src/pages/profile/profile.page.vue[22m
[2m9:26:19 p. m.[22m [36m[1m[vite][22m[39m [32mhmr update [39m[2m/src/pages/reports/report-detail.component.vue[22m
[2m9:26:19 p. m.[22m [36m[1m[vite][22m[39m [32mhmr update [39m[2m/src/pages/profile/user-profile.page.vue[22m
[2m9:26:19 p. m.[22m [36m[1m[vite][22m[39m [32mhmr update [39m[2m/src/pages/reports/report-form.page.vue[22m
[2m9:26:19 p. m.[22m [36m[1m[vite][22m[39m [32mhmr update [39m[2m/src/pages/reports/user-report-list.component.vue[22m
[2m9:27:47 p. m.[22m [36m[1m[vite][22m[39m [32mhmr update [39m[2m/src/pages/auth/password-recover.page.vue[22m
[2m9:27:56 p. m.[22m [36m[1m[vite][22m[39m [32mpage reload [39m[2msrc/router/index.js[22m
[2m9:27:56 p. m.[22m [36m[1m[vite][22m[39m [32mhmr update [39m[2m/src/pages/auth/final-recover.page.vue[22m
[2m9:27:56 p. m.[22m [36m[1m[vite][22m[39m [32mpage reload [39m[2msrc/router/index.js[22m
[2m9:29:35 p. m.[22m [36m[1m[vite][22m[39m [32mhmr update [39m[2m/src/app.vue, /src/pages/home/main.page.vue, /src/pages/auth/final-recover.page.vue, /src/components/dialogs/user-sign-up.component.vue[22m
[2m9:29:36 p. m.[22m [36m[1m[vite][22m[39m [32mhmr update [39m[2m/src/app.vue, /src/pages/home/main.page.vue, /src/pages/auth/final-recover.page.vue, /src/components/dialogs/user-sign-up.component.vue[22m
[2m9:32:05 p. m.[22m [36m[1m[vite][22m[39m [32mhmr update [39m[2m/src/app.vue, /src/pages/home/main.page.vue, /src/pages/auth/final-recover.page.vue, /src/components/dialogs/user-sign-up.component.vue[22m
[2m9:32:05 p. m.[22m [36m[1m[vite][22m[39m [32mhmr update [39m[2m/src/pages/auth/password-recover.page.vue[22m
[2m9:32:05 p. m.[22m [36m[1m[vite][22m[39m [32mhmr update [39m[2m/src/pages/auth/final-recover.page.vue[22m
[2m9:32:05 p. m.[22m [36m[1m[vite][22m[39m [32mhmr update [39m[2m/src/app.vue, /src/pages/home/main.page.vue, /src/pages/auth/final-recover.page.vue, /src/components/dialogs/user-sign-up.component.vue[22m
[2m9:33:21 p. m.[22m [36m[1m[vite][22m[39m [32mhmr update [39m[2m/src/pages/auth/final-recover.page.vue[22m
