[2m11:44:05 p. m.[22m [31m[1m[vite][22m[39m [31mInternal server error: Invalid end tag.[39m
  Plugin: [35mvite:vue[39m
  File: [36mC:/Users/User/Downloads/Solucion/PeaceApp-Web/src/pages/home/main.page.vue[39m:144:11
[33m  142|                </svg>
  143|              </button>
  144|            </label>
     |             ^
  145|  
  146|            <div class="captcha-container">[39m
      at createCompilerError (C:\Users\User\Downloads\Solucion\PeaceApp-Web\node_modules\@vue\compiler-core\dist\compiler-core.cjs.js:1364:17)
      at emitError (C:\Users\User\Downloads\Solucion\PeaceApp-Web\node_modules\@vue\compiler-core\dist\compiler-core.cjs.js:2991:5)
      at Object.onclosetag (C:\Users\User\Downloads\Solucion\PeaceApp-Web\node_modules\@vue\compiler-core\dist\compiler-core.cjs.js:2360:9)
      at Tokenizer.stateInClosingTagName (C:\Users\User\Downloads\Solucion\PeaceApp-Web\node_modules\@vue\compiler-core\dist\compiler-core.cjs.js:785:16)
      at Tokenizer.parse (C:\Users\User\Downloads\Solucion\PeaceApp-Web\node_modules\@vue\compiler-core\dist\compiler-core.cjs.js:1143:16)
      at Object.baseParse (C:\Users\User\Downloads\Solucion\PeaceApp-Web\node_modules\@vue\compiler-core\dist\compiler-core.cjs.js:3030:13)
      at Object.parse (C:\Users\User\Downloads\Solucion\PeaceApp-Web\node_modules\@vue\compiler-dom\dist\compiler-dom.cjs.js:910:23)
      at Object.parse$1 [as parse] (C:\Users\User\Downloads\Solucion\PeaceApp-Web\node_modules\@vue\compiler-sfc\dist\compiler-sfc.cjs.js:1801:24)
      at createDescriptor (file:///C:/Users/User/Downloads/Solucion/PeaceApp-Web/node_modules/@vitejs/plugin-vue/dist/index.mjs:71:43)
      at handleHotUpdate (file:///C:/Users/User/Downloads/Solucion/PeaceApp-Web/node_modules/@vitejs/plugin-vue/dist/index.mjs:2198:26)
[2m11:44:29 p. m.[22m [31m[1m[vite][22m[39m [31mInternal server error: Element is missing end tag.[39m
  Plugin: [35mvite:vue[39m
  File: [36mC:/Users/User/Downloads/Solucion/PeaceApp-Web/src/pages/home/main.page.vue[39m:137:13
[33m  135|            <input :placeholder="$t('main.email')" class="input-style" type="email" required v-model="userData.email" />
  136|            <input :placeholder="$t('main.password')" class="input-style" type="password" required v-model="userData.password" />
  137|              <button type="button" class="eye-btn" :aria-label="showPassword ? 'Ocultar contraseña' : 'Mostrar contraseña'" @click="showPassword = !showPassword">
     |               ^
  138|  
  139|            <div class="captcha-container">[39m
      at createCompilerError (C:\Users\User\Downloads\Solucion\PeaceApp-Web\node_modules\@vue\compiler-core\dist\compiler-core.cjs.js:1364:17)
      at emitError (C:\Users\User\Downloads\Solucion\PeaceApp-Web\node_modules\@vue\compiler-core\dist\compiler-core.cjs.js:2991:5)
      at Object.onclosetag (C:\Users\User\Downloads\Solucion\PeaceApp-Web\node_modules\@vue\compiler-core\dist\compiler-core.cjs.js:2350:13)
      at Tokenizer.stateInClosingTagName (C:\Users\User\Downloads\Solucion\PeaceApp-Web\node_modules\@vue\compiler-core\dist\compiler-core.cjs.js:785:16)
      at Tokenizer.parse (C:\Users\User\Downloads\Solucion\PeaceApp-Web\node_modules\@vue\compiler-core\dist\compiler-core.cjs.js:1143:16)
      at Object.baseParse (C:\Users\User\Downloads\Solucion\PeaceApp-Web\node_modules\@vue\compiler-core\dist\compiler-core.cjs.js:3030:13)
      at Object.parse (C:\Users\User\Downloads\Solucion\PeaceApp-Web\node_modules\@vue\compiler-dom\dist\compiler-dom.cjs.js:910:23)
      at Object.parse$1 [as parse] (C:\Users\User\Downloads\Solucion\PeaceApp-Web\node_modules\@vue\compiler-sfc\dist\compiler-sfc.cjs.js:1801:24)
      at createDescriptor (file:///C:/Users/User/Downloads/Solucion/PeaceApp-Web/node_modules/@vitejs/plugin-vue/dist/index.mjs:71:43)
      at handleHotUpdate (file:///C:/Users/User/Downloads/Solucion/PeaceApp-Web/node_modules/@vitejs/plugin-vue/dist/index.mjs:2198:26)
[2m11:45:13 p. m.[22m [31m[1m[vite][22m[39m [31mInternal server error: Invalid end tag.[39m
  Plugin: [35mvite:vue[39m
  File: [36mC:/Users/User/Downloads/Solucion/PeaceApp-Web/src/components/dialogs/user-sign-up.component.vue[39m:163:7
[33m  161|            </svg>
  162|          </button>
  163|        </label>
     |         ^
  164|        <label class="password-field">
  165|          <input :placeholder="$t('userForm.confirm_password')" class="input-style" :type="showConfirmPassword ? 'text' : 'password'" required v-model="confirmPassword" />[39m
      at createCompilerError (C:\Users\User\Downloads\Solucion\PeaceApp-Web\node_modules\@vue\compiler-core\dist\compiler-core.cjs.js:1364:17)
      at emitError (C:\Users\User\Downloads\Solucion\PeaceApp-Web\node_modules\@vue\compiler-core\dist\compiler-core.cjs.js:2991:5)
      at Object.onclosetag (C:\Users\User\Downloads\Solucion\PeaceApp-Web\node_modules\@vue\compiler-core\dist\compiler-core.cjs.js:2360:9)
      at Tokenizer.stateInClosingTagName (C:\Users\User\Downloads\Solucion\PeaceApp-Web\node_modules\@vue\compiler-core\dist\compiler-core.cjs.js:785:16)
      at Tokenizer.parse (C:\Users\User\Downloads\Solucion\PeaceApp-Web\node_modules\@vue\compiler-core\dist\compiler-core.cjs.js:1143:16)
      at Object.baseParse (C:\Users\User\Downloads\Solucion\PeaceApp-Web\node_modules\@vue\compiler-core\dist\compiler-core.cjs.js:3030:13)
      at Object.parse (C:\Users\User\Downloads\Solucion\PeaceApp-Web\node_modules\@vue\compiler-dom\dist\compiler-dom.cjs.js:910:23)
      at Object.parse$1 [as parse] (C:\Users\User\Downloads\Solucion\PeaceApp-Web\node_modules\@vue\compiler-sfc\dist\compiler-sfc.cjs.js:1801:24)
      at createDescriptor (file:///C:/Users/User/Downloads/Solucion/PeaceApp-Web/node_modules/@vitejs/plugin-vue/dist/index.mjs:71:43)
      at handleHotUpdate (file:///C:/Users/User/Downloads/Solucion/PeaceApp-Web/node_modules/@vitejs/plugin-vue/dist/index.mjs:2198:26)
[2m12:19:43 a. m.[22m [31m[1m[vite][22m[39m [31mInternal server error: Element is missing end tag.[39m
  Plugin: [35mvite:vue[39m
  File: [36mC:/Users/User/Downloads/Solucion/PeaceApp-Web/src/pages/profile/user-profile.page.vue[39m:1:1
[33m  1  |  <script>
     |   ^
  2  |  import CitizenToolbar from "../../components/toolbar/toolbar-citizen.component.vue";
  3  |  import EditUser from "./user-edit-profile.page.vue";[39m
      at createCompilerError (C:\Users\User\Downloads\Solucion\PeaceApp-Web\node_modules\@vue\compiler-core\dist\compiler-core.cjs.js:1364:17)
      at emitError (C:\Users\User\Downloads\Solucion\PeaceApp-Web\node_modules\@vue\compiler-core\dist\compiler-core.cjs.js:2991:5)
      at Object.onend (C:\Users\User\Downloads\Solucion\PeaceApp-Web\node_modules\@vue\compiler-core\dist\compiler-core.cjs.js:2585:7)
      at Tokenizer.finish (C:\Users\User\Downloads\Solucion\PeaceApp-Web\node_modules\@vue\compiler-core\dist\compiler-core.cjs.js:1232:14)
      at Tokenizer.parse (C:\Users\User\Downloads\Solucion\PeaceApp-Web\node_modules\@vue\compiler-core\dist\compiler-core.cjs.js:1210:10)
      at Object.baseParse (C:\Users\User\Downloads\Solucion\PeaceApp-Web\node_modules\@vue\compiler-core\dist\compiler-core.cjs.js:3030:13)
      at Object.parse (C:\Users\User\Downloads\Solucion\PeaceApp-Web\node_modules\@vue\compiler-dom\dist\compiler-dom.cjs.js:910:23)
      at Object.parse$1 [as parse] (C:\Users\User\Downloads\Solucion\PeaceApp-Web\node_modules\@vue\compiler-sfc\dist\compiler-sfc.cjs.js:1801:24)
      at createDescriptor (file:///C:/Users/User/Downloads/Solucion/PeaceApp-Web/node_modules/@vitejs/plugin-vue/dist/index.mjs:71:43)
      at handleHotUpdate (file:///C:/Users/User/Downloads/Solucion/PeaceApp-Web/node_modules/@vitejs/plugin-vue/dist/index.mjs:2198:26)
